<?xml version="1.0" encoding="UTF-8"?>
<!-- Generated by org.testng.reporters.JUnitReportReporter -->
<testsuite hostname="MWDH-Work2" failures="0" tests="1" name="Ass4XpathLocator.chromeWebDriver" time="18.188" errors="0" timestamp="2022-07-24T23:02:23 AST" skipped="0">
  <testcase classname="Ass4XpathLocator.chromeWebDriver" name="chrom" time="18.188"/>
  <system-out/>
</testsuite> <!-- Ass4XpathLocator.chromeWebDriver -->
